  imgui.cpp
  imgui_demo.cpp
  imgui_draw.cpp
  imgui_widgets.cpp
  imgui_sdl.cpp
  Ball.cpp
c:\users\101193350\desktop\gbc02\2005\lab2005\src\ball.cpp(18): warning C4244: 'argument': conversion from 'T' to 'int', possible loss of data
          with
          [
              T=float
          ]
c:\users\101193350\desktop\gbc02\2005\lab2005\src\ball.cpp(19): warning C4244: 'argument': conversion from 'T' to 'int', possible loss of data
          with
          [
              T=float
          ]
c:\users\101193350\desktop\gbc02\2005\lab2005\src\ball.cpp(34): warning C4244: 'initializing': conversion from 'T' to 'int', possible loss of data
          with
          [
              T=float
          ]
c:\users\101193350\desktop\gbc02\2005\lab2005\src\ball.cpp(35): warning C4244: 'initializing': conversion from 'T' to 'int', possible loss of data
          with
          [
              T=float
          ]
  CollisionManager.cpp
c:\users\101193350\desktop\gbc02\2005\lab2005\src\collisionmanager.cpp(7): warning C4244: 'initializing': conversion from 'T' to 'int', possible loss of data
          with
          [
              T=float
          ]
c:\users\101193350\desktop\gbc02\2005\lab2005\src\collisionmanager.cpp(8): warning C4244: 'initializing': conversion from 'T' to 'int', possible loss of data
          with
          [
              T=float
          ]
  DisplayObject.cpp
  EndScene.cpp
  FontManager.cpp
  Game.cpp
  GameObject.cpp
  Label.cpp
c:\users\101193350\desktop\gbc02\2005\lab2005\src\label.cpp(16): warning C4244: 'argument': conversion from 'T' to 'int', possible loss of data
          with
          [
              T=float
          ]
c:\users\101193350\desktop\gbc02\2005\lab2005\src\label.cpp(17): warning C4244: 'argument': conversion from 'T' to 'int', possible loss of data
          with
          [
              T=float
          ]
c:\users\101193350\desktop\gbc02\2005\lab2005\src\label.cpp(28): warning C4244: 'initializing': conversion from 'T' to 'int', possible loss of data
          with
          [
              T=float
          ]
c:\users\101193350\desktop\gbc02\2005\lab2005\src\label.cpp(29): warning C4244: 'initializing': conversion from 'T' to 'int', possible loss of data
          with
          [
              T=float
          ]
c:\users\101193350\desktop\gbc02\2005\lab2005\src\label.cpp(54): warning C4244: 'argument': conversion from 'T' to 'int', possible loss of data
          with
          [
              T=float
          ]
c:\users\101193350\desktop\gbc02\2005\lab2005\src\label.cpp(55): warning C4244: 'argument': conversion from 'T' to 'int', possible loss of data
          with
          [
              T=float
          ]
c:\users\101193350\desktop\gbc02\2005\lab2005\src\label.cpp(75): warning C4244: 'argument': conversion from 'T' to 'int', possible loss of data
          with
          [
              T=float
          ]
c:\users\101193350\desktop\gbc02\2005\lab2005\src\label.cpp(76): warning C4244: 'argument': conversion from 'T' to 'int', possible loss of data
          with
          [
              T=float
          ]
  main.cpp
c:\users\101193350\desktop\gbc02\2005\lab2005\src\main.cpp(28): warning C4244: 'initializing': conversion from 'float' to 'int', possible loss of data
  Mine.cpp
c:\users\101193350\desktop\gbc02\2005\lab2005\src\mine.cpp(11): warning C4244: 'argument': conversion from 'T' to 'int', possible loss of data
          with
          [
              T=float
          ]
c:\users\101193350\desktop\gbc02\2005\lab2005\src\mine.cpp(12): warning C4244: 'argument': conversion from 'T' to 'int', possible loss of data
          with
          [
              T=float
          ]
c:\users\101193350\desktop\gbc02\2005\lab2005\src\mine.cpp(24): warning C4244: 'initializing': conversion from 'T' to 'int', possible loss of data
          with
          [
              T=float
          ]
c:\users\101193350\desktop\gbc02\2005\lab2005\src\mine.cpp(25): warning C4244: 'initializing': conversion from 'T' to 'int', possible loss of data
          with
          [
              T=float
          ]
  Planet.cpp
c:\users\101193350\desktop\gbc02\2005\lab2005\src\planet.cpp(11): warning C4244: 'argument': conversion from 'T' to 'int', possible loss of data
          with
          [
              T=float
          ]
c:\users\101193350\desktop\gbc02\2005\lab2005\src\planet.cpp(12): warning C4244: 'argument': conversion from 'T' to 'int', possible loss of data
          with
          [
              T=float
          ]
c:\users\101193350\desktop\gbc02\2005\lab2005\src\planet.cpp(24): warning C4244: 'initializing': conversion from 'T' to 'int', possible loss of data
          with
          [
              T=float
          ]
c:\users\101193350\desktop\gbc02\2005\lab2005\src\planet.cpp(25): warning C4244: 'initializing': conversion from 'T' to 'int', possible loss of data
          with
          [
              T=float
          ]
  PlayScene.cpp
c:\users\101193350\desktop\gbc02\2005\lab2005\src\playscene.cpp(36): warning C4018: '<': signed/unsigned mismatch
c:\users\101193350\desktop\gbc02\2005\lab2005\src\playscene.cpp(38): warning C4018: '<': signed/unsigned mismatch
c:\users\101193350\desktop\gbc02\2005\lab2005\src\playscene.cpp(214): warning C4018: '<': signed/unsigned mismatch
c:\users\101193350\desktop\gbc02\2005\lab2005\src\playscene.cpp(310): warning C4018: '<': signed/unsigned mismatch
c:\users\101193350\desktop\gbc02\2005\lab2005\src\playscene.cpp(312): warning C4018: '<': signed/unsigned mismatch
c:\users\101193350\desktop\gbc02\2005\lab2005\src\playscene.cpp(354): warning C4018: '<': signed/unsigned mismatch
c:\users\101193350\desktop\gbc02\2005\lab2005\src\playscene.cpp(356): warning C4018: '<': signed/unsigned mismatch
c:\users\101193350\desktop\gbc02\2005\lab2005\src\playscene.cpp(371): warning C4018: '<': signed/unsigned mismatch
c:\users\101193350\desktop\gbc02\2005\lab2005\src\playscene.cpp(373): warning C4018: '<': signed/unsigned mismatch
c:\users\101193350\desktop\gbc02\2005\lab2005\src\playscene.cpp(382): warning C4018: '<': signed/unsigned mismatch
c:\users\101193350\desktop\gbc02\2005\lab2005\src\playscene.cpp(384): warning C4018: '<': signed/unsigned mismatch
c:\users\101193350\desktop\gbc02\2005\lab2005\src\playscene.cpp(570): warning C4018: '<': signed/unsigned mismatch
c:\users\101193350\desktop\gbc02\2005\lab2005\src\playscene.cpp(572): warning C4018: '<': signed/unsigned mismatch
c:\users\101193350\desktop\gbc02\2005\lab2005\src\playscene.cpp(585): warning C4018: '<': signed/unsigned mismatch
c:\users\101193350\desktop\gbc02\2005\lab2005\src\playscene.cpp(587): warning C4018: '<': signed/unsigned mismatch
c:\users\101193350\desktop\gbc02\2005\lab2005\src\playscene.cpp(600): warning C4018: '<': signed/unsigned mismatch
c:\users\101193350\desktop\gbc02\2005\lab2005\src\playscene.cpp(602): warning C4018: '<': signed/unsigned mismatch
c:\users\101193350\desktop\gbc02\2005\lab2005\src\playscene.cpp(838): warning C4244: '=': conversion from 'Sint32' to 'T', possible loss of data
          with
          [
              T=float
          ]
c:\users\101193350\desktop\gbc02\2005\lab2005\src\playscene.cpp(839): warning C4244: '=': conversion from 'Sint32' to 'T', possible loss of data
          with
          [
              T=float
          ]
  Scene.cpp
  ship.cpp
c:\users\101193350\desktop\gbc02\2005\lab2005\src\ship.cpp(17): warning C4244: 'argument': conversion from 'T' to 'int', possible loss of data
          with
          [
              T=float
          ]
c:\users\101193350\desktop\gbc02\2005\lab2005\src\ship.cpp(18): warning C4244: 'argument': conversion from 'T' to 'int', possible loss of data
          with
          [
              T=float
          ]
c:\users\101193350\desktop\gbc02\2005\lab2005\src\ship.cpp(34): warning C4244: 'initializing': conversion from 'T' to 'int', possible loss of data
          with
          [
              T=float
          ]
c:\users\101193350\desktop\gbc02\2005\lab2005\src\ship.cpp(35): warning C4244: 'initializing': conversion from 'T' to 'int', possible loss of data
          with
          [
              T=float
          ]
c:\users\101193350\desktop\gbc02\2005\lab2005\src\ship.cpp(148): warning C4244: 'initializing': conversion from 'double' to 'int', possible loss of data
  SoundManager.cpp
  Generating Code...
  Compiling...
  StartScene.cpp
c:\users\101193350\desktop\gbc02\2005\lab2005\src\startscene.cpp(126): warning C4244: '=': conversion from 'Sint32' to 'T', possible loss of data
          with
          [
              T=float
          ]
c:\users\101193350\desktop\gbc02\2005\lab2005\src\startscene.cpp(127): warning C4244: '=': conversion from 'Sint32' to 'T', possible loss of data
          with
          [
              T=float
          ]
  Target.cpp
c:\users\101193350\desktop\gbc02\2005\lab2005\src\target.cpp(10): warning C4244: 'argument': conversion from 'T' to 'int', possible loss of data
          with
          [
              T=float
          ]
c:\users\101193350\desktop\gbc02\2005\lab2005\src\target.cpp(11): warning C4244: 'argument': conversion from 'T' to 'int', possible loss of data
          with
          [
              T=float
          ]
c:\users\101193350\desktop\gbc02\2005\lab2005\src\target.cpp(24): warning C4244: 'initializing': conversion from 'T' to 'int', possible loss of data
          with
          [
              T=float
          ]
c:\users\101193350\desktop\gbc02\2005\lab2005\src\target.cpp(25): warning C4244: 'initializing': conversion from 'T' to 'int', possible loss of data
          with
          [
              T=float
          ]
  TextureManager.cpp
c:\users\101193350\desktop\gbc02\2005\lab2005\src\texturemanager.cpp(65): warning C4244: 'initializing': conversion from 'double' to 'int', possible loss of data
c:\users\101193350\desktop\gbc02\2005\lab2005\src\texturemanager.cpp(66): warning C4244: 'initializing': conversion from 'double' to 'int', possible loss of data
c:\users\101193350\desktop\gbc02\2005\lab2005\src\texturemanager.cpp(109): warning C4244: 'initializing': conversion from 'double' to 'int', possible loss of data
c:\users\101193350\desktop\gbc02\2005\lab2005\src\texturemanager.cpp(110): warning C4244: 'initializing': conversion from 'double' to 'int', possible loss of data
c:\users\101193350\desktop\gbc02\2005\lab2005\src\texturemanager.cpp(152): warning C4244: 'initializing': conversion from 'double' to 'int', possible loss of data
c:\users\101193350\desktop\gbc02\2005\lab2005\src\texturemanager.cpp(153): warning C4244: 'initializing': conversion from 'double' to 'int', possible loss of data
c:\users\101193350\desktop\gbc02\2005\lab2005\src\texturemanager.cpp(196): warning C4244: 'initializing': conversion from 'double' to 'int', possible loss of data
c:\users\101193350\desktop\gbc02\2005\lab2005\src\texturemanager.cpp(197): warning C4244: 'initializing': conversion from 'double' to 'int', possible loss of data
c:\users\101193350\desktop\gbc02\2005\lab2005\src\texturemanager.cpp(226): warning C4244: 'initializing': conversion from 'double' to 'int', possible loss of data
c:\users\101193350\desktop\gbc02\2005\lab2005\src\texturemanager.cpp(227): warning C4244: 'initializing': conversion from 'double' to 'int', possible loss of data
c:\users\101193350\desktop\gbc02\2005\lab2005\src\texturemanager.cpp(246): warning C4244: '=': conversion from 'int' to 'T', possible loss of data
          with
          [
              T=float
          ]
c:\users\101193350\desktop\gbc02\2005\lab2005\src\texturemanager.cpp(247): warning C4244: '=': conversion from 'int' to 'T', possible loss of data
          with
          [
              T=float
          ]
  Tile.cpp
c:\users\101193350\desktop\gbc02\2005\lab2005\src\tile.cpp(18): warning C4244: 'argument': conversion from 'T' to 'int', possible loss of data
          with
          [
              T=float
          ]
c:\users\101193350\desktop\gbc02\2005\lab2005\src\tile.cpp(19): warning C4244: 'argument': conversion from 'T' to 'int', possible loss of data
          with
          [
              T=float
          ]
c:\users\101193350\desktop\gbc02\2005\lab2005\src\tile.cpp(46): warning C4244: 'initializing': conversion from 'T' to 'int', possible loss of data
          with
          [
              T=float
          ]
c:\users\101193350\desktop\gbc02\2005\lab2005\src\tile.cpp(47): warning C4244: 'initializing': conversion from 'T' to 'int', possible loss of data
          with
          [
              T=float
          ]
c:\users\101193350\desktop\gbc02\2005\lab2005\src\tile.cpp(173): warning C4244: '=': conversion from 'double' to 'int', possible loss of data
  Util.cpp
c:\users\101193350\desktop\gbc02\2005\lab2005\src\util.cpp(223): warning C4244: '=': conversion from 'double' to 'T', possible loss of data
          with
          [
              T=float
          ]
c:\users\101193350\desktop\gbc02\2005\lab2005\src\util.cpp(224): warning C4244: '=': conversion from 'double' to 'T', possible loss of data
          with
          [
              T=float
          ]
c:\users\101193350\desktop\gbc02\2005\lab2005\src\util.cpp(240): warning C4244: '=': conversion from 'double' to 'float', possible loss of data
  Generating Code...
  Template.vcxproj -> C:\Users\101193350\Desktop\GBC02\2005\Lab2005\bin\Debug\Template.exe
