  Bullet.cpp
c:\users\crizz\desktop\physics sound example\src\bullet.cpp(11): warning C4244: 'argument': conversion from 'T' to 'int', possible loss of data
          with
          [
              T=float
          ]
c:\users\crizz\desktop\physics sound example\src\bullet.cpp(12): warning C4244: 'argument': conversion from 'T' to 'int', possible loss of data
          with
          [
              T=float
          ]
c:\users\crizz\desktop\physics sound example\src\bullet.cpp(24): warning C4244: 'initializing': conversion from 'T' to 'int', possible loss of data
          with
          [
              T=float
          ]
c:\users\crizz\desktop\physics sound example\src\bullet.cpp(25): warning C4244: 'initializing': conversion from 'T' to 'int', possible loss of data
          with
          [
              T=float
          ]
  EndScene.cpp
  FontManager.cpp
  Game.cpp
  Label.cpp
c:\users\crizz\desktop\physics sound example\src\label.cpp(16): warning C4244: 'argument': conversion from 'T' to 'int', possible loss of data
          with
          [
              T=float
          ]
c:\users\crizz\desktop\physics sound example\src\label.cpp(17): warning C4244: 'argument': conversion from 'T' to 'int', possible loss of data
          with
          [
              T=float
          ]
c:\users\crizz\desktop\physics sound example\src\label.cpp(28): warning C4244: 'initializing': conversion from 'T' to 'int', possible loss of data
          with
          [
              T=float
          ]
c:\users\crizz\desktop\physics sound example\src\label.cpp(29): warning C4244: 'initializing': conversion from 'T' to 'int', possible loss of data
          with
          [
              T=float
          ]
c:\users\crizz\desktop\physics sound example\src\label.cpp(54): warning C4244: 'argument': conversion from 'T' to 'int', possible loss of data
          with
          [
              T=float
          ]
c:\users\crizz\desktop\physics sound example\src\label.cpp(55): warning C4244: 'argument': conversion from 'T' to 'int', possible loss of data
          with
          [
              T=float
          ]
c:\users\crizz\desktop\physics sound example\src\label.cpp(75): warning C4244: 'argument': conversion from 'T' to 'int', possible loss of data
          with
          [
              T=float
          ]
c:\users\crizz\desktop\physics sound example\src\label.cpp(76): warning C4244: 'argument': conversion from 'T' to 'int', possible loss of data
          with
          [
              T=float
          ]
  Planet.cpp
c:\users\crizz\desktop\physics sound example\src\planet.cpp(11): warning C4244: 'argument': conversion from 'T' to 'int', possible loss of data
          with
          [
              T=float
          ]
c:\users\crizz\desktop\physics sound example\src\planet.cpp(12): warning C4244: 'argument': conversion from 'T' to 'int', possible loss of data
          with
          [
              T=float
          ]
c:\users\crizz\desktop\physics sound example\src\planet.cpp(24): warning C4244: 'initializing': conversion from 'T' to 'int', possible loss of data
          with
          [
              T=float
          ]
c:\users\crizz\desktop\physics sound example\src\planet.cpp(25): warning C4244: 'initializing': conversion from 'T' to 'int', possible loss of data
          with
          [
              T=float
          ]
  StartScene.cpp
c:\users\crizz\desktop\physics sound example\src\startscene.cpp(29): warning C4018: '<': signed/unsigned mismatch
c:\users\crizz\desktop\physics sound example\src\startscene.cpp(43): warning C4018: '<': signed/unsigned mismatch
c:\users\crizz\desktop\physics sound example\src\startscene.cpp(76): warning C4018: '<': signed/unsigned mismatch
c:\users\crizz\desktop\physics sound example\src\startscene.cpp(131): warning C4244: '=': conversion from 'Sint32' to 'T', possible loss of data
          with
          [
              T=float
          ]
c:\users\crizz\desktop\physics sound example\src\startscene.cpp(132): warning C4244: '=': conversion from 'Sint32' to 'T', possible loss of data
          with
          [
              T=float
          ]
c:\users\crizz\desktop\physics sound example\src\startscene.cpp(222): warning C4244: 'argument': conversion from 'time_t' to 'unsigned int', possible loss of data
  Target.cpp
c:\users\crizz\desktop\physics sound example\src\target.cpp(10): warning C4244: 'argument': conversion from 'T' to 'int', possible loss of data
          with
          [
              T=float
          ]
c:\users\crizz\desktop\physics sound example\src\target.cpp(11): warning C4244: 'argument': conversion from 'T' to 'int', possible loss of data
          with
          [
              T=float
          ]
c:\users\crizz\desktop\physics sound example\src\target.cpp(24): warning C4244: 'initializing': conversion from 'T' to 'int', possible loss of data
          with
          [
              T=float
          ]
c:\users\crizz\desktop\physics sound example\src\target.cpp(25): warning C4244: 'initializing': conversion from 'T' to 'int', possible loss of data
          with
          [
              T=float
          ]
  Tile.cpp
c:\users\crizz\desktop\physics sound example\src\tile.cpp(18): warning C4244: 'argument': conversion from 'T' to 'int', possible loss of data
          with
          [
              T=float
          ]
c:\users\crizz\desktop\physics sound example\src\tile.cpp(19): warning C4244: 'argument': conversion from 'T' to 'int', possible loss of data
          with
          [
              T=float
          ]
c:\users\crizz\desktop\physics sound example\src\tile.cpp(46): warning C4244: 'initializing': conversion from 'T' to 'int', possible loss of data
          with
          [
              T=float
          ]
c:\users\crizz\desktop\physics sound example\src\tile.cpp(47): warning C4244: 'initializing': conversion from 'T' to 'int', possible loss of data
          with
          [
              T=float
          ]
c:\users\crizz\desktop\physics sound example\src\tile.cpp(173): warning C4244: '=': conversion from 'double' to 'int', possible loss of data
  Util.cpp
c:\users\crizz\desktop\physics sound example\src\util.cpp(227): warning C4244: '=': conversion from 'double' to 'T', possible loss of data
          with
          [
              T=float
          ]
c:\users\crizz\desktop\physics sound example\src\util.cpp(228): warning C4244: '=': conversion from 'double' to 'T', possible loss of data
          with
          [
              T=float
          ]
c:\users\crizz\desktop\physics sound example\src\util.cpp(244): warning C4244: '=': conversion from 'double' to 'float', possible loss of data
c:\users\crizz\desktop\physics sound example\src\util.cpp(269): warning C4244: 'initializing': conversion from 'float' to 'int', possible loss of data
c:\users\crizz\desktop\physics sound example\src\util.cpp(270): warning C4244: 'initializing': conversion from 'float' to 'int', possible loss of data
c:\users\crizz\desktop\physics sound example\src\util.cpp(271): warning C4244: 'initializing': conversion from 'float' to 'int', possible loss of data
c:\users\crizz\desktop\physics sound example\src\util.cpp(272): warning C4244: 'initializing': conversion from 'float' to 'int', possible loss of data
c:\users\crizz\desktop\physics sound example\src\util.cpp(277): warning C4244: 'argument': conversion from 'T' to 'int', possible loss of data
          with
          [
              T=float
          ]
c:\users\crizz\desktop\physics sound example\src\util.cpp(283): warning C4244: 'initializing': conversion from 'float' to 'int', possible loss of data
c:\users\crizz\desktop\physics sound example\src\util.cpp(284): warning C4244: 'initializing': conversion from 'float' to 'int', possible loss of data
c:\users\crizz\desktop\physics sound example\src\util.cpp(285): warning C4244: 'initializing': conversion from 'float' to 'int', possible loss of data
c:\users\crizz\desktop\physics sound example\src\util.cpp(286): warning C4244: 'initializing': conversion from 'float' to 'int', possible loss of data
c:\users\crizz\desktop\physics sound example\src\util.cpp(289): warning C4244: '=': conversion from 'T' to 'int', possible loss of data
          with
          [
              T=float
          ]
c:\users\crizz\desktop\physics sound example\src\util.cpp(290): warning C4244: '=': conversion from 'T' to 'int', possible loss of data
          with
          [
              T=float
          ]
c:\users\crizz\desktop\physics sound example\src\util.cpp(303): warning C4244: 'initializing': conversion from 'float' to 'int', possible loss of data
c:\users\crizz\desktop\physics sound example\src\util.cpp(304): warning C4244: 'initializing': conversion from 'float' to 'int', possible loss of data
c:\users\crizz\desktop\physics sound example\src\util.cpp(305): warning C4244: 'initializing': conversion from 'float' to 'int', possible loss of data
c:\users\crizz\desktop\physics sound example\src\util.cpp(306): warning C4244: 'initializing': conversion from 'float' to 'int', possible loss of data
c:\users\crizz\desktop\physics sound example\src\util.cpp(311): warning C4244: 'initializing': conversion from 'float' to 'int', possible loss of data
c:\users\crizz\desktop\physics sound example\src\util.cpp(322): warning C4244: 'argument': conversion from 'T' to 'int', possible loss of data
          with
          [
              T=float
          ]
c:\users\crizz\desktop\physics sound example\src\util.cpp(323): warning C4244: 'argument': conversion from 'T' to 'int', possible loss of data
          with
          [
              T=float
          ]
c:\users\crizz\desktop\physics sound example\src\util.cpp(324): warning C4244: 'argument': conversion from 'T' to 'int', possible loss of data
          with
          [
              T=float
          ]
c:\users\crizz\desktop\physics sound example\src\util.cpp(325): warning C4244: 'argument': conversion from 'T' to 'int', possible loss of data
          with
          [
              T=float
          ]
c:\users\crizz\desktop\physics sound example\src\util.cpp(326): warning C4244: 'argument': conversion from 'T' to 'int', possible loss of data
          with
          [
              T=float
          ]
c:\users\crizz\desktop\physics sound example\src\util.cpp(327): warning C4244: 'argument': conversion from 'T' to 'int', possible loss of data
          with
          [
              T=float
          ]
c:\users\crizz\desktop\physics sound example\src\util.cpp(328): warning C4244: 'argument': conversion from 'T' to 'int', possible loss of data
          with
          [
              T=float
          ]
c:\users\crizz\desktop\physics sound example\src\util.cpp(329): warning C4244: 'argument': conversion from 'T' to 'int', possible loss of data
          with
          [
              T=float
          ]
  main.cpp
c:\users\crizz\desktop\physics sound example\src\main.cpp(28): warning C4244: 'initializing': conversion from 'float' to 'int', possible loss of data
  ship.cpp
c:\users\crizz\desktop\physics sound example\src\ship.cpp(18): warning C4244: 'argument': conversion from 'T' to 'int', possible loss of data
          with
          [
              T=float
          ]
c:\users\crizz\desktop\physics sound example\src\ship.cpp(19): warning C4244: 'argument': conversion from 'T' to 'int', possible loss of data
          with
          [
              T=float
          ]
c:\users\crizz\desktop\physics sound example\src\ship.cpp(35): warning C4244: 'initializing': conversion from 'T' to 'int', possible loss of data
          with
          [
              T=float
          ]
c:\users\crizz\desktop\physics sound example\src\ship.cpp(36): warning C4244: 'initializing': conversion from 'T' to 'int', possible loss of data
          with
          [
              T=float
          ]
c:\users\crizz\desktop\physics sound example\src\ship.cpp(130): warning C4244: 'argument': conversion from 'T' to 'int', possible loss of data
          with
          [
              T=float
          ]
c:\users\crizz\desktop\physics sound example\src\ship.cpp(131): warning C4244: 'argument': conversion from 'T' to 'int', possible loss of data
          with
          [
              T=float
          ]
c:\users\crizz\desktop\physics sound example\src\ship.cpp(163): warning C4244: 'initializing': conversion from 'double' to 'int', possible loss of data
  Generating Code...
  Template.vcxproj -> C:\Users\crizz\Desktop\Physics sound example\bin\Debug\Template.exe
