c:\users\tech\downloads\3d printer software\firstexample\debug\vc141.pdb
c:\users\tech\downloads\3d printer software\firstexample\debug\vc141.idb
c:\users\tech\downloads\3d printer software\firstexample\debug\loadshaders.obj
c:\users\tech\downloads\3d printer software\firstexample\debug\main.obj
c:\users\tech\downloads\3d printer software\firstexample\debug\3d printer os.obj
c:\users\tech\downloads\3d printer software\debug\3d printer software.exe
c:\users\tech\downloads\3d printer software\debug\3d printer software.ilk
c:\users\tech\downloads\3d printer software\debug\3d printer software.pdb
c:\users\101193350\desktop\3d printer software\firstexample\debug\3d printer os.obj
c:\users\101193350\desktop\3d printer software\firstexample\debug\loadshaders.obj
c:\users\101193350\desktop\3d printer software\firstexample\debug\main.obj
c:\users\101193350\desktop\3d printer software\firstexample\debug\triangles.obj
c:\users\101193350\desktop\3d printer software\firstexample\debug\vc140.idb
c:\users\101193350\desktop\3d printer software\firstexample\debug\vc141.idb
c:\users\101193350\desktop\3d printer software\firstexample\debug\vc140.pdb
c:\users\101193350\desktop\3d printer software\firstexample\debug\vc141.pdb
c:\users\101193350\desktop\3d printer software\firstexample\debug\3d print.9d6f1153.tlog\cl.command.1.tlog
c:\users\101193350\desktop\3d printer software\firstexample\debug\3d print.9d6f1153.tlog\cl.read.1.tlog
c:\users\101193350\desktop\3d printer software\firstexample\debug\3d print.9d6f1153.tlog\cl.write.1.tlog
c:\users\101193350\desktop\3d printer software\firstexample\debug\3d print.9d6f1153.tlog\link.command.1.tlog
c:\users\101193350\desktop\3d printer software\firstexample\debug\3d print.9d6f1153.tlog\link.read.1.tlog
c:\users\101193350\desktop\3d printer software\firstexample\debug\3d print.9d6f1153.tlog\link.write.1.tlog
