C:\Program Files (x86)\Microsoft Visual Studio\2017\Community\Common7\IDE\VC\VCTargets\Microsoft.CppBuild.targets(391,5): warning MSB8028: The intermediate directory (Debug\) contains files shared from another project (FirstExample.vcxproj).  This can lead to incorrect clean and rebuild behavior.
  LoadShaders.cpp
  3D Printer OS.cpp
  Generating Code...
Debug\LoadShaders.obj : warning LNK4042: object specified more than once; extras ignored
MSVCRTD.lib(initializers.obj) : warning LNK4098: defaultlib 'libcmtd.lib' conflicts with use of other libs; use /NODEFAULTLIB:library
glew_static_vs2010_d.lib(glew.obj) : warning LNK4099: PDB 'vc100.pdb' was not found with 'glew_static_vs2010_d.lib(glew.obj)' or at 'C:\Users\crizz\Desktop\GBC02\2012\3D Printer Software\Debug\vc100.pdb'; linking object as if no debug info
freeglut_static_vs2010_d.lib(freeglut_callbacks.obj) : warning LNK4099: PDB 'vc100.pdb' was not found with 'freeglut_static_vs2010_d.lib(freeglut_callbacks.obj)' or at 'C:\Users\crizz\Desktop\GBC02\2012\3D Printer Software\Debug\vc100.pdb'; linking object as if no debug info
freeglut_static_vs2010_d.lib(freeglut_cursor.obj) : warning LNK4099: PDB 'vc100.pdb' was not found with 'freeglut_static_vs2010_d.lib(freeglut_cursor.obj)' or at 'C:\Users\crizz\Desktop\GBC02\2012\3D Printer Software\Debug\vc100.pdb'; linking object as if no debug info
freeglut_static_vs2010_d.lib(freeglut_display.obj) : warning LNK4099: PDB 'vc100.pdb' was not found with 'freeglut_static_vs2010_d.lib(freeglut_display.obj)' or at 'C:\Users\crizz\Desktop\GBC02\2012\3D Printer Software\Debug\vc100.pdb'; linking object as if no debug info
freeglut_static_vs2010_d.lib(freeglut_font.obj) : warning LNK4099: PDB 'vc100.pdb' was not found with 'freeglut_static_vs2010_d.lib(freeglut_font.obj)' or at 'C:\Users\crizz\Desktop\GBC02\2012\3D Printer Software\Debug\vc100.pdb'; linking object as if no debug info
freeglut_static_vs2010_d.lib(freeglut_font_data.obj) : warning LNK4099: PDB 'vc100.pdb' was not found with 'freeglut_static_vs2010_d.lib(freeglut_font_data.obj)' or at 'C:\Users\crizz\Desktop\GBC02\2012\3D Printer Software\Debug\vc100.pdb'; linking object as if no debug info
freeglut_static_vs2010_d.lib(freeglut_init.obj) : warning LNK4099: PDB 'vc100.pdb' was not found with 'freeglut_static_vs2010_d.lib(freeglut_init.obj)' or at 'C:\Users\crizz\Desktop\GBC02\2012\3D Printer Software\Debug\vc100.pdb'; linking object as if no debug info
freeglut_static_vs2010_d.lib(freeglut_input_devices.obj) : warning LNK4099: PDB 'vc100.pdb' was not found with 'freeglut_static_vs2010_d.lib(freeglut_input_devices.obj)' or at 'C:\Users\crizz\Desktop\GBC02\2012\3D Printer Software\Debug\vc100.pdb'; linking object as if no debug info
freeglut_static_vs2010_d.lib(freeglut_joystick.obj) : warning LNK4099: PDB 'vc100.pdb' was not found with 'freeglut_static_vs2010_d.lib(freeglut_joystick.obj)' or at 'C:\Users\crizz\Desktop\GBC02\2012\3D Printer Software\Debug\vc100.pdb'; linking object as if no debug info
freeglut_static_vs2010_d.lib(freeglut_main.obj) : warning LNK4099: PDB 'vc100.pdb' was not found with 'freeglut_static_vs2010_d.lib(freeglut_main.obj)' or at 'C:\Users\crizz\Desktop\GBC02\2012\3D Printer Software\Debug\vc100.pdb'; linking object as if no debug info
freeglut_static_vs2010_d.lib(freeglut_menu.obj) : warning LNK4099: PDB 'vc100.pdb' was not found with 'freeglut_static_vs2010_d.lib(freeglut_menu.obj)' or at 'C:\Users\crizz\Desktop\GBC02\2012\3D Printer Software\Debug\vc100.pdb'; linking object as if no debug info
freeglut_static_vs2010_d.lib(freeglut_spaceball.obj) : warning LNK4099: PDB 'vc100.pdb' was not found with 'freeglut_static_vs2010_d.lib(freeglut_spaceball.obj)' or at 'C:\Users\crizz\Desktop\GBC02\2012\3D Printer Software\Debug\vc100.pdb'; linking object as if no debug info
freeglut_static_vs2010_d.lib(freeglut_state.obj) : warning LNK4099: PDB 'vc100.pdb' was not found with 'freeglut_static_vs2010_d.lib(freeglut_state.obj)' or at 'C:\Users\crizz\Desktop\GBC02\2012\3D Printer Software\Debug\vc100.pdb'; linking object as if no debug info
freeglut_static_vs2010_d.lib(freeglut_stroke_mono_roman.obj) : warning LNK4099: PDB 'vc100.pdb' was not found with 'freeglut_static_vs2010_d.lib(freeglut_stroke_mono_roman.obj)' or at 'C:\Users\crizz\Desktop\GBC02\2012\3D Printer Software\Debug\vc100.pdb'; linking object as if no debug info
freeglut_static_vs2010_d.lib(freeglut_stroke_roman.obj) : warning LNK4099: PDB 'vc100.pdb' was not found with 'freeglut_static_vs2010_d.lib(freeglut_stroke_roman.obj)' or at 'C:\Users\crizz\Desktop\GBC02\2012\3D Printer Software\Debug\vc100.pdb'; linking object as if no debug info
freeglut_static_vs2010_d.lib(freeglut_structure.obj) : warning LNK4099: PDB 'vc100.pdb' was not found with 'freeglut_static_vs2010_d.lib(freeglut_structure.obj)' or at 'C:\Users\crizz\Desktop\GBC02\2012\3D Printer Software\Debug\vc100.pdb'; linking object as if no debug info
freeglut_static_vs2010_d.lib(freeglut_window.obj) : warning LNK4099: PDB 'vc100.pdb' was not found with 'freeglut_static_vs2010_d.lib(freeglut_window.obj)' or at 'C:\Users\crizz\Desktop\GBC02\2012\3D Printer Software\Debug\vc100.pdb'; linking object as if no debug info
  FirstExample.vcxproj -> C:\Users\crizz\Desktop\GBC02\2012\3D Printer Software\Debug\3D Printer Software.exe
